TN:
SF:src\prisma.ts
FNF:0
FNH:0
DA:1,1
DA:2,1
DA:3,1
DA:4,1
DA:5,1
LF:5
LH:5
BRF:0
BRH:0
end_of_record
TN:
SF:src\routes.ts
FNF:0
FNH:0
DA:1,1
DA:2,1
DA:3,1
DA:4,1
DA:5,1
DA:6,1
DA:7,1
DA:8,1
DA:9,1
DA:10,1
DA:11,1
DA:12,1
DA:13,1
DA:14,1
DA:15,1
DA:16,1
DA:17,1
DA:18,1
DA:19,1
DA:20,1
LF:20
LH:20
BRF:0
BRH:0
end_of_record
TN:
SF:src\server.ts
FNF:0
FNH:0
DA:1,1
DA:2,1
DA:3,1
DA:4,1
DA:5,1
DA:6,1
DA:7,1
DA:8,1
DA:9,1
DA:10,1
DA:11,1
DA:12,1
DA:13,1
DA:14,1
LF:14
LH:14
BRF:0
BRH:0
end_of_record
TN:
SF:src\controllers\productController.ts
FN:5,create
FN:13,listAllProducts
FN:19,updateProducts
FN:28,deleteProduct
FNF:4
FNH:4
FNDA:1,create
FNDA:1,listAllProducts
FNDA:1,updateProducts
FNDA:1,deleteProduct
DA:1,1
DA:2,1
DA:3,1
DA:4,1
DA:5,1
DA:6,1
DA:7,1
DA:8,1
DA:9,1
DA:10,1
DA:11,1
DA:12,1
DA:13,1
DA:14,1
DA:15,1
DA:16,1
DA:17,1
DA:18,1
DA:19,1
DA:20,1
DA:21,1
DA:22,1
DA:23,1
DA:24,1
DA:25,1
DA:26,1
DA:27,1
DA:28,1
DA:29,1
DA:30,1
DA:31,1
DA:32,1
DA:33,1
DA:34,1
DA:35,1
LF:35
LH:35
BRDA:5,0,0,1
BRDA:5,1,0,1
BRDA:13,2,0,1
BRDA:13,3,0,1
BRDA:19,4,0,1
BRDA:19,5,0,1
BRDA:28,6,0,1
BRDA:28,7,0,1
BRF:8
BRH:8
end_of_record
TN:
SF:src\controllers\restaurantController.ts
FN:5,createRestaurant
FN:13,listAllRestaurants
FN:19,listRestaurantDetails
FN:27,updateRestaurant
FN:36,deleteRestaurant
FNF:5
FNH:5
FNDA:1,createRestaurant
FNDA:1,listAllRestaurants
FNDA:1,listRestaurantDetails
FNDA:1,updateRestaurant
FNDA:1,deleteRestaurant
DA:1,1
DA:2,1
DA:3,1
DA:4,1
DA:5,1
DA:6,1
DA:7,1
DA:8,1
DA:9,1
DA:10,1
DA:11,1
DA:12,1
DA:13,1
DA:14,1
DA:15,1
DA:16,1
DA:17,1
DA:18,1
DA:19,1
DA:20,1
DA:21,1
DA:22,1
DA:23,1
DA:24,1
DA:25,1
DA:26,1
DA:27,1
DA:28,1
DA:29,1
DA:30,1
DA:31,1
DA:32,1
DA:33,1
DA:34,1
DA:35,1
DA:36,1
DA:37,1
DA:38,1
DA:39,1
DA:40,1
DA:41,1
DA:42,1
DA:43,1
LF:43
LH:43
BRDA:5,0,0,1
BRDA:5,1,0,1
BRDA:13,2,0,1
BRDA:13,3,0,1
BRDA:19,4,0,1
BRDA:19,5,0,1
BRDA:27,6,0,1
BRDA:27,7,0,1
BRDA:36,8,0,1
BRDA:36,9,0,1
BRF:10
BRH:10
end_of_record
TN:
SF:src\services\productService.ts
FN:4,create
FN:20,listAllProducts
FN:26,updateProduct
FN:41,deleteProduct
FNF:4
FNH:4
FNDA:1,create
FNDA:1,listAllProducts
FNDA:1,updateProduct
FNDA:1,deleteProduct
DA:1,1
DA:2,1
DA:3,1
DA:4,1
DA:5,1
DA:6,1
DA:7,1
DA:8,1
DA:9,1
DA:10,1
DA:11,1
DA:12,1
DA:13,1
DA:14,1
DA:15,1
DA:16,1
DA:17,1
DA:18,1
DA:19,1
DA:20,1
DA:21,1
DA:22,1
DA:23,1
DA:24,1
DA:25,1
DA:26,1
DA:27,1
DA:28,1
DA:29,1
DA:30,1
DA:31,1
DA:32,1
DA:33,1
DA:34,1
DA:35,1
DA:36,1
DA:37,1
DA:38,1
DA:39,1
DA:40,1
DA:41,1
DA:42,1
DA:43,1
DA:44,1
DA:45,1
DA:46,1
DA:47,1
DA:48,1
DA:49,1
DA:50,1
LF:50
LH:50
BRDA:4,0,0,1
BRDA:4,1,0,1
BRDA:20,2,0,1
BRDA:20,3,0,1
BRDA:26,4,0,1
BRDA:26,5,0,1
BRDA:41,6,0,1
BRDA:41,7,0,1
BRF:8
BRH:8
end_of_record
TN:
SF:src\services\restaurantService.ts
FN:4,create
FN:17,allRestaurants
FN:23,listRestaurantDetails
FN:33,deleteRestaurant
FN:43,updateRestaurant
FNF:5
FNH:5
FNDA:1,create
FNDA:1,allRestaurants
FNDA:1,listRestaurantDetails
FNDA:1,deleteRestaurant
FNDA:1,updateRestaurant
DA:1,1
DA:2,1
DA:3,1
DA:4,1
DA:5,1
DA:6,1
DA:7,1
DA:8,1
DA:9,1
DA:10,1
DA:11,1
DA:12,1
DA:13,1
DA:14,1
DA:15,1
DA:16,1
DA:17,1
DA:18,1
DA:19,1
DA:20,1
DA:21,1
DA:22,1
DA:23,1
DA:24,1
DA:25,1
DA:26,1
DA:27,1
DA:28,1
DA:29,1
DA:30,1
DA:31,1
DA:32,1
DA:33,1
DA:34,1
DA:35,1
DA:36,1
DA:37,1
DA:38,1
DA:39,1
DA:40,1
DA:41,1
DA:42,1
DA:43,1
DA:44,1
DA:45,1
DA:46,1
DA:47,1
DA:48,1
DA:49,1
DA:50,1
DA:51,1
DA:52,1
DA:53,1
DA:54,1
DA:55,1
DA:56,1
LF:56
LH:56
BRDA:4,0,0,1
BRDA:4,1,0,1
BRDA:17,2,0,1
BRDA:17,3,0,1
BRDA:23,4,0,1
BRDA:23,5,0,1
BRDA:33,6,0,1
BRDA:33,7,0,1
BRDA:43,8,0,1
BRDA:43,9,0,1
BRF:10
BRH:10
end_of_record
